$GPRMC,132107.00,A,5556.47374,N,00315.31881,W,2.652,,250724,,,A*65
$GPVTG,,T,,M,2.652,N,4.912,K,A*2E
$GPGGA,132107.00,5556.47374,N,00315.31881,W,1,04,13.74,66.6,M,49.9,M,,*4B
$GPGSA,A,2,28,04,31,03,,,,,,,,,13.78,13.74,1.00*01
$GPGSV,3,1,12,02,10,141,,03,53,083,27,04,66,140,16,06,53,293,*7A
$GPGSV,3,2,12,09,41,196,,11,13,305,,12,08,319,,17,30,219,*72
$GPGSV,3,3,12,19,41,247,,25,07,349,,28,13,026,07,31,25,057,23*75
$GPGLL,5556.47374,N,00315.31881,W,132107.00,A,A*79
$GPRMC,132108.00,A,5556.47440,N,00315.30651,W,3.977,,250724,,,A*61
$GPVTG,,T,,M,3.977,N,7.366,K,A*2D
$GPGGA,132108.00,5556.47440,N,00315.30651,W,1,04,13.71,66.6,M,49.9,M,,*43
$GPGSA,A,2,28,04,31,03,,,,,,,,,13.75,13.71,1.00*09
$GPGSV,3,1,12,02,10,141,,03,53,083,27,04,66,140,17,06,53,293,*7B
$GPGSV,3,2,12,09,41,196,,11,13,305,,12,08,319,,17,30,219,*72
$GPGSV,3,3,12,19,41,247,,25,07,349,,28,13,026,08,31,25,057,22*7B
$GPGLL,5556.47440,N,00315.30651,W,132108.00,A,A*74
$GPRMC,132109.00,A,5556.47508,N,00315.29952,W,4.189,,250724,,,A*67
$GPVTG,,T,,M,4.189,N,7.759,K,A*2B
$GPGGA,132109.00,5556.47508,N,00315.29952,W,1,04,13.69,66.6,M,49.9,M,,*42
$GPGSA,A,2,28,04,31,03,,,,,,,,,13.72,13.69,1.00*07
$GPGSV,3,1,12,02,10,141,,03,53,083,26,04,66,140,16,06,53,293,*7B
$GPGSV,3,2,12,09,41,196,,11,13,305,,12,08,319,,17,30,219,*72
$GPGSV,3,3,12,19,41,247,,25,07,349,,28,13,026,08,31,25,057,22*7B
$GPGLL,5556.47508,N,00315.29952,W,132109.00,A,A*7C
$GPRMC,132110.00,A,5556.47483,N,00315.29135,W,4.289,,250724,,,A*67
$GPVTG,,T,,M,4.289,N,7.943,K,A*2D
$GPGGA,132110.00,5556.47483,N,00315.29135,W,1,04,13.66,66.6,M,49.9,M,,*4E
$GPGSA,A,2,28,04,31,03,,,,,,,,,13.70,13.66,1.00*0A
$GPGSV,3,1,12,02,10,141,,03,53,083,26,04,66,140,17,06,53,293,*7A
$GPGSV,3,2,12,09,41,196,,11,13,305,,12,08,319,,17,30,219,*72
$GPGSV,3,3,12,19,41,247,,25,07,349,,28,13,026,08,31,25,057,22*7B
$GPGLL,5556.47483,N,00315.29135,W,132110.00,A,A*7F
$GPRMC,132111.00,A,5556.47493,N,00315.28501,W,4.471,,250724,,,A*64
$GPVTG,,T,,M,4.471,N,8.280,K,A*27
$GPGGA,132111.00,5556.47493,N,00315.28501,W,1,04,13.64,66.6,M,49.9,M,,*4E
$GPGSA,A,2,28,04,31,03,,,,,,,,,13.67,13.64,1.00*0E
$GPGSV,3,1,12,02,10,141,,03,53,083,27,04,66,140,17,06,53,293,*7B
$GPGSV,3,2,12,09,41,196,,11,13,305,,12,08,319,,17,30,219,*72
$GPGSV,3,3,12,19,41,247,,25,07,349,,28,13,026,08,31,25,057,22*7B
$GPGLL,5556.47493,N,00315.28501,W,132111.00,A,A*7D
$GPRMC,132112.00,A,5556.47477,N,00315.27855,W,4.821,,250724,,,A*67
$GPVTG,,T,,M,4.821,N,8.929,K,A*26
$GPGGA,132112.00,5556.47477,N,00315.27855,W,1,05,13.61,66.6,M,49.9,M,,*40
$GPGSA,A,2,28,04,31,03,17,,,,,,,,13.65,13.61,1.00*0F
$GPGSV,3,1,12,02,10,141,,03,53,083,26,04,66,140,16,06,53,293,*7B
$GPGSV,3,2,12,09,41,196,,11,13,305,,12,08,319,,17,30,219,12*71
$GPGSV,3,3,12,19,41,247,,25,07,349,,28,13,026,08,31,25,057,23*7A
$GPGLL,5556.47477,N,00315.27855,W,132112.00,A,A*77
