$GPRMC,125247.00,A,5556.44794,N,00315.16460,W,3.876,93.42,250724,,,A*40
$GPVTG,93.42,T,,M,3.876,N,7.178,K,A*02
$GPGGA,125247.00,5556.44794,N,00315.16460,W,1,06,1.41,49.4,M,49.9,M,,*7D
$GPGSA,A,3,28,04,31,03,17,02,,,,,,,2.44,1.41,1.99*0E
$GPGSV,4,1,13,02,22,137,31,03,66,078,27,04,56,159,19,06,41,297,10*7E
$GPGSV,4,2,13,09,28,196,,11,02,302,,12,10,330,,17,41,229,09*72
$GPGSV,4,3,13,19,47,264,16,21,07,134,,25,06,000,,28,18,036,09*7C
$GPGSV,4,4,13,31,24,070,21*4B
$GPGLL,5556.44794,N,00315.16460,W,125247.00,A,A*77
$GPRMC,125248.00,A,5556.44795,N,00315.15688,W,5.396,90.10,250724,,,A*4E
$GPVTG,90.10,T,,M,5.396,N,9.994,K,A*01
$GPGGA,125248.00,5556.44795,N,00315.15688,W,1,06,1.41,51.4,M,49.9,M,,*7D
$GPGSA,A,3,28,04,31,03,17,02,,,,,,,2.44,1.41,1.99*0E
$GPGSV,4,1,13,02,22,137,31,03,66,078,27,04,56,159,18,06,41,297,10*7F
$GPGSV,4,2,13,09,28,196,,11,02,302,,12,10,330,,17,41,229,09*72
$GPGSV,4,3,13,19,47,264,15,21,07,134,,25,06,000,,28,18,036,09*7F
$GPGSV,4,4,13,31,24,070,21*4B
$GPGLL,5556.44795,N,00315.15688,W,125248.00,A,A*7E
$GPRMC,125249.00,A,5556.44791,N,00315.15567,W,4.706,88.38,250724,,,A*46
$GPVTG,88.38,T,,M,4.706,N,8.715,K,A*08
$GPGGA,125249.00,5556.44791,N,00315.15567,W,1,05,3.27,51.9,M,49.9,M,,*76
$GPGSA,A,3,28,04,31,03,02,,,,,,,,4.25,3.27,2.71*0E
$GPGSV,4,1,13,02,22,137,31,03,66,078,26,04,56,159,18,06,41,297,10*7E
$GPGSV,4,2,13,09,28,196,,11,02,302,,12,10,330,,17,41,229,*7B
$GPGSV,4,3,13,19,47,264,15,21,07,134,,25,06,000,,28,18,036,09*7F
$GPGSV,4,4,13,31,24,070,21*4B
$GPGLL,5556.44791,N,00315.15567,W,125249.00,A,A*79
$GPRMC,125250.00,A,5556.44798,N,00315.15404,W,4.475,86.42,250724,,,A*47
$GPVTG,86.42,T,,M,4.475,N,8.288,K,A*0D
$GPGGA,125250.00,5556.44798,N,00315.15404,W,1,05,3.27,52.2,M,49.9,M,,*7B
$GPGSA,A,3,28,04,31,03,02,,,,,,,,4.25,3.27,2.70*0F
$GPGSV,4,1,13,02,22,137,31,03,66,078,26,04,56,159,18,06,41,297,12*7C
$GPGSV,4,2,13,09,28,196,,11,02,302,,12,10,330,,17,41,229,*7B
$GPGSV,4,3,13,19,47,264,15,21,07,134,,25,06,000,,28,18,036,10*77
$GPGSV,4,4,13,31,24,070,22*48
$GPGLL,5556.44798,N,00315.15404,W,125250.00,A,A*7C
$GPRMC,125251.00,A,5556.44788,N,00315.15345,W,3.940,86.50,250724,,,A*4A
$GPVTG,86.50,T,,M,3.940,N,7.297,K,A*03
$GPGGA,125251.00,5556.44788,N,00315.15345,W,1,05,3.27,52.6,M,49.9,M,,*7D
$GPGSA,A,3,28,04,31,03,02,,,,,,,,4.24,3.27,2.70*0E
$GPGSV,4,1,13,02,22,137,31,03,66,078,26,04,56,159,19,06,41,297,12*7D
$GPGSV,4,2,13,09,28,196,,11,02,302,,12,10,330,,17,41,229,*7B
$GPGSV,4,3,13,19,47,264,16,21,07,134,,25,06,000,,28,18,036,10*74
$GPGSV,4,4,13,31,24,070,22*48
$GPGLL,5556.44788,N,00315.15345,W,125251.00,A,A*7E
