$GPRMC,132311.00,A,5556.45622,N,00315.17214,W,1.526,,250724,,,A*65
$GPVTG,,T,,M,1.526,N,2.826,K,A*2D
$GPGGA,132311.00,5556.45622,N,00315.17214,W,1,05,10.25,69.7,M,49.9,M,,*40
$GPGSA,A,3,28,04,31,03,02,,,,,,,,18.19,10.25,15.03*3F
$GPGSV,3,1,12,02,09,141,07,03,52,083,26,04,67,137,20,06,54,293,*76
$GPGSV,3,2,12,09,42,197,,11,14,305,,12,07,318,,17,29,219,*71
$GPGSV,3,3,12,19,41,246,,25,07,348,,28,12,025,09,31,25,056,15*7D
$GPGLL,5556.45622,N,00315.17214,W,132311.00,A,A*7A
$GPRMC,132312.00,A,5556.45593,N,00315.17038,W,1.288,,250724,,,A*60
$GPVTG,,T,,M,1.288,N,2.386,K,A*2F
$GPGGA,132312.00,5556.45593,N,00315.17038,W,1,05,10.27,69.7,M,49.9,M,,*44
$GPGSA,A,3,28,04,31,03,02,,,,,,,,18.23,10.27,15.06*31
$GPGSV,3,1,12,02,09,141,07,03,52,083,26,04,67,137,19,06,54,293,*7C
$GPGSV,3,2,12,09,42,197,,11,14,305,,12,07,318,,17,29,219,05*74
$GPGSV,3,3,12,19,41,246,,25,07,348,,28,12,025,09,31,25,056,13*7B
$GPGLL,5556.45593,N,00315.17038,W,132312.00,A,A*7C
$GPRMC,132313.00,A,5556.45439,N,00315.16917,W,0.542,,250724,,,A*65
$GPVTG,,T,,M,0.542,N,1.003,K,A*22
$GPGGA,132313.00,5556.45439,N,00315.16917,W,1,04,10.29,69.9,M,49.9,M,,*40
$GPGSA,A,3,28,04,31,03,,,,,,,,,18.27,10.29,15.10*3E
$GPGSV,3,1,12,02,09,141,,03,52,083,27,04,67,137,19,06,54,293,*7A
$GPGSV,3,2,12,09,42,197,,11,14,305,,12,07,318,,17,29,219,07*76
$GPGSV,3,3,12,19,41,246,,25,07,348,,28,12,025,09,31,25,056,13*7B
$GPGLL,5556.45439,N,00315.16917,W,132313.00,A,A*79
$GPRMC,132314.00,A,5556.45277,N,00315.16929,W,1.110,,250724,,,A*61
$GPVTG,,T,,M,1.110,N,2.055,K,A*20
$GPGGA,132314.00,5556.45277,N,00315.16929,W,1,05,10.31,70.0,M,49.9,M,,*4F
$GPGSA,A,3,28,04,31,03,17,,,,,,,,18.31,10.31,15.13*35
$GPGSV,3,1,12,02,09,141,,03,52,083,27,04,67,137,19,06,54,293,*7A
$GPGSV,3,2,12,09,42,197,,11,14,305,,12,07,318,,17,29,219,11*71
$GPGSV,3,3,12,19,41,246,,25,07,348,,28,12,025,09,31,25,056,12*7A
$GPGLL,5556.45277,N,00315.16929,W,132314.00,A,A*7F
$GPRMC,132315.00,A,5556.45169,N,00315.16772,W,1.545,,250724,,,A*68
$GPVTG,,T,,M,1.545,N,2.861,K,A*2B
$GPGGA,132315.00,5556.45169,N,00315.16772,W,1,05,10.33,70.1,M,49.9,M,,*41
$GPGSA,A,3,28,04,31,03,17,,,,,,,,18.35,10.33,15.17*37
$GPGSV,3,1,12,02,09,141,,03,52,083,27,04,67,137,19,06,54,293,*7A
$GPGSV,3,2,12,09,42,197,,11,14,305,,12,07,318,,17,29,219,12*72
$GPGSV,3,3,12,19,41,246,,25,07,348,,28,12,025,09,31,25,056,14*7C
$GPGLL,5556.45169,N,00315.16772,W,132315.00,A,A*72
$GPRMC,132316.00,A,5556.45133,N,00315.16113,W,1.838,,250724,,,A*62
$GPVTG,,T,,M,1.838,N,3.403,K,A*25
$GPGGA,132316.00,5556.45133,N,00315.16113,W,1,05,4.41,70.8,M,49.9,M,,*75
$GPGSA,A,3,28,04,31,03,17,,,,,,,,6.34,4.41,4.55*0F
$GPGSV,3,1,12,02,09,141,,03,52,083,27,04,67,137,20,06,54,293,*70
$GPGSV,3,2,12,09,42,197,,11,14,305,,12,07,318,,17,29,219,15*75
$GPGSV,3,3,12,19,41,246,,25,07,348,,28,12,025,09,31,25,056,15*7D
$GPGLL,5556.45133,N,00315.16113,W,132316.00,A,A*7F
$GPRMC,132317.00,A,5556.45123,N,00315.15743,W,2.105,,250724,,,A*66
$GPVTG,,T,,M,2.105,N,3.898,K,A*2F
$GPGGA,132317.00,5556.45123,N,00315.15743,W,1,05,4.41,71.0,M,49.9,M,,*7C
$GPGSA,A,3,28,04,31,03,17,,,,,,,,6.34,4.41,4.55*0F
$GPGSV,3,1,12,02,09,141,,03,52,083,27,04,67,137,20,06,54,293,*70
$GPGSV,3,2,12,09,42,197,,11,14,305,,12,07,318,,17,29,219,14*74
$GPGSV,3,3,12,19,41,246,,25,07,348,,28,12,025,09,31,25,056,15*7D
